-- The C compiler identification is GNU 11.4.0
-- The CXX compiler identification is GNU 11.4.0
-- Detecting C compiler ABI info
-- Detecting C compiler ABI info - done
-- Check for working C compiler: /usr/bin/cc - skipped
-- Detecting C compile features
-- Detecting C compile features - done
-- Detecting CXX compiler ABI info
-- Detecting CXX compiler ABI info - done
-- Check for working CXX compiler: /usr/bin/c++ - skipped
-- Detecting CXX compile features
-- Detecting CXX compile features - done
-- Found ament_cmake: 1.3.12 (/opt/ros/humble/share/ament_cmake/cmake)
-- Found Python3: /usr/bin/python3 (found version "3.10.12") found components: Interpreter 
-- Override CMake install command with custom implementation using symlinks instead of copying resources
-- Found std_msgs: 4.9.0 (/opt/ros/humble/share/std_msgs/cmake)
-- Found rosidl_generator_c: 3.1.8 (/opt/ros/humble/share/rosidl_generator_c/cmake)
-- Found rosidl_adapter: 3.1.8 (/opt/ros/humble/share/rosidl_adapter/cmake)
-- Found rosidl_generator_cpp: 3.1.8 (/opt/ros/humble/share/rosidl_generator_cpp/cmake)
-- Using all available rosidl_typesupport_c: rosidl_typesupport_fastrtps_c;rosidl_typesupport_introspection_c
-- Using all available rosidl_typesupport_cpp: rosidl_typesupport_fastrtps_cpp;rosidl_typesupport_introspection_cpp
-- Found geometry_msgs: 4.9.0 (/opt/ros/humble/share/geometry_msgs/cmake)
-- Found vision_msgs: 4.1.1 (/opt/ros/humble/share/vision_msgs/cmake)
-- Found rosidl_default_generators: 1.2.0 (/opt/ros/humble/share/rosidl_default_generators/cmake)
-- Found ament_cmake_ros: 0.10.0 (/opt/ros/humble/share/ament_cmake_ros/cmake)
-- Using all available rosidl_typesupport_c: rosidl_typesupport_fastrtps_c;rosidl_typesupport_introspection_c
-- Using all available rosidl_typesupport_cpp: rosidl_typesupport_fastrtps_cpp;rosidl_typesupport_introspection_cpp
-- Found PythonInterp: /usr/bin/python3 (found suitable version "3.10.12", minimum required is "3.6") 
-- Found python_cmake_module: 0.10.0 (/opt/ros/humble/share/python_cmake_module/cmake)
-- Found PythonLibs: /usr/lib/x86_64-linux-gnu/libpython3.10.so (found suitable version "3.10.12", minimum required is "3.5") 
-- Using PYTHON_EXECUTABLE: /usr/bin/python3
-- Using PYTHON_INCLUDE_DIRS: /usr/include/python3.10
-- Using PYTHON_LIBRARIES: /usr/lib/x86_64-linux-gnu/libpython3.10.so
-- Found PythonExtra: .so  
-- Configuring done
-- Generating done
-- Build files have been written to: /home/hgzq/ros2_ws/build/vision_msgs_custom
[  2%] [34m[1mGenerating C code for ROS interfaces[0m
[  5%] [34m[1mGenerating C++ code for ROS interfaces[0m
[  5%] Built target ament_cmake_python_symlink_vision_msgs_custom
running egg_info
creating vision_msgs_custom.egg-info
writing vision_msgs_custom.egg-info/PKG-INFO
writing dependency_links to vision_msgs_custom.egg-info/dependency_links.txt
writing top-level names to vision_msgs_custom.egg-info/top_level.txt
writing manifest file 'vision_msgs_custom.egg-info/SOURCES.txt'
reading manifest file 'vision_msgs_custom.egg-info/SOURCES.txt'
writing manifest file 'vision_msgs_custom.egg-info/SOURCES.txt'
[  5%] Built target ament_cmake_python_build_vision_msgs_custom_egg
[ 10%] [32mBuilding C object CMakeFiles/vision_msgs_custom__rosidl_generator_c.dir/rosidl_generator_c/vision_msgs_custom/msg/detail/object_distance__functions.c.o[0m
[ 10%] [32mBuilding C object CMakeFiles/vision_msgs_custom__rosidl_generator_c.dir/rosidl_generator_c/vision_msgs_custom/msg/detail/detection2_d_extended__functions.c.o[0m
[ 10%] Built target vision_msgs_custom__cpp
[ 12%] [34m[1mGenerating C++ type support for eProsima Fast-RTPS[0m
[ 15%] [34m[1mGenerating C++ introspection for ROS interfaces[0m
[ 17%] [34m[1mGenerating C++ type support dispatch for ROS interfaces[0m
[ 20%] [32m[1mLinking C shared library libvision_msgs_custom__rosidl_generator_c.so[0m
[ 20%] Built target vision_msgs_custom__rosidl_generator_c
[ 28%] [34m[1mGenerating C type support for eProsima Fast-RTPS[0m
[ 28%] [34m[1mGenerating C introspection for ROS interfaces[0m
[ 28%] [34m[1mGenerating C type support dispatch for ROS interfaces[0m
[ 30%] [32mBuilding CXX object CMakeFiles/vision_msgs_custom__rosidl_typesupport_cpp.dir/rosidl_typesupport_cpp/vision_msgs_custom/msg/object_distance__type_support.cpp.o[0m
[ 33%] [32mBuilding CXX object CMakeFiles/vision_msgs_custom__rosidl_typesupport_cpp.dir/rosidl_typesupport_cpp/vision_msgs_custom/msg/detection2_d_extended__type_support.cpp.o[0m
[ 35%] [32mBuilding CXX object CMakeFiles/vision_msgs_custom__rosidl_typesupport_introspection_cpp.dir/rosidl_typesupport_introspection_cpp/vision_msgs_custom/msg/detail/detection2_d_extended__type_support.cpp.o[0m
[ 38%] [32mBuilding CXX object CMakeFiles/vision_msgs_custom__rosidl_typesupport_introspection_cpp.dir/rosidl_typesupport_introspection_cpp/vision_msgs_custom/msg/detail/object_distance__type_support.cpp.o[0m
[ 41%] [32mBuilding CXX object CMakeFiles/vision_msgs_custom__rosidl_typesupport_fastrtps_cpp.dir/rosidl_typesupport_fastrtps_cpp/vision_msgs_custom/msg/detail/dds_fastrtps/detection2_d_extended__type_support.cpp.o[0m
[ 43%] [32mBuilding CXX object CMakeFiles/vision_msgs_custom__rosidl_typesupport_fastrtps_cpp.dir/rosidl_typesupport_fastrtps_cpp/vision_msgs_custom/msg/detail/dds_fastrtps/object_distance__type_support.cpp.o[0m
[ 46%] [32mBuilding CXX object CMakeFiles/vision_msgs_custom__rosidl_typesupport_c.dir/rosidl_typesupport_c/vision_msgs_custom/msg/detection2_d_extended__type_support.cpp.o[0m
[ 48%] [32mBuilding CXX object CMakeFiles/vision_msgs_custom__rosidl_typesupport_c.dir/rosidl_typesupport_c/vision_msgs_custom/msg/object_distance__type_support.cpp.o[0m
[ 53%] [32mBuilding CXX object CMakeFiles/vision_msgs_custom__rosidl_typesupport_fastrtps_c.dir/rosidl_typesupport_fastrtps_c/vision_msgs_custom/msg/detail/detection2_d_extended__type_support_c.cpp.o[0m
[ 53%] [32mBuilding CXX object CMakeFiles/vision_msgs_custom__rosidl_typesupport_fastrtps_c.dir/rosidl_typesupport_fastrtps_c/vision_msgs_custom/msg/detail/object_distance__type_support_c.cpp.o[0m
[ 58%] [32mBuilding C object CMakeFiles/vision_msgs_custom__rosidl_typesupport_introspection_c.dir/rosidl_typesupport_introspection_c/vision_msgs_custom/msg/detail/detection2_d_extended__type_support.c.o[0m
[ 58%] [32mBuilding C object CMakeFiles/vision_msgs_custom__rosidl_typesupport_introspection_c.dir/rosidl_typesupport_introspection_c/vision_msgs_custom/msg/detail/object_distance__type_support.c.o[0m
[ 61%] [32m[1mLinking CXX shared library libvision_msgs_custom__rosidl_typesupport_c.so[0m
[ 64%] [32m[1mLinking C shared library libvision_msgs_custom__rosidl_typesupport_introspection_c.so[0m
[ 64%] Built target vision_msgs_custom__rosidl_typesupport_c
[ 64%] Built target vision_msgs_custom__rosidl_typesupport_introspection_c
[ 66%] [32m[1mLinking CXX shared library libvision_msgs_custom__rosidl_typesupport_cpp.so[0m
[ 66%] Built target vision_msgs_custom__rosidl_typesupport_cpp
[ 69%] [32m[1mLinking CXX shared library libvision_msgs_custom__rosidl_typesupport_introspection_cpp.so[0m
[ 71%] [32m[1mLinking CXX shared library libvision_msgs_custom__rosidl_typesupport_fastrtps_cpp.so[0m
[ 74%] [32m[1mLinking CXX shared library libvision_msgs_custom__rosidl_typesupport_fastrtps_c.so[0m
[ 74%] Built target vision_msgs_custom__rosidl_typesupport_introspection_cpp
[ 74%] Built target vision_msgs_custom__rosidl_typesupport_fastrtps_cpp
[ 74%] Built target vision_msgs_custom__rosidl_typesupport_fastrtps_c
[ 74%] Built target vision_msgs_custom
[ 76%] [34m[1mGenerating Python code for ROS interfaces[0m
[ 76%] Built target vision_msgs_custom__py
[ 79%] [32mBuilding C object CMakeFiles/vision_msgs_custom__rosidl_generator_py.dir/rosidl_generator_py/vision_msgs_custom/msg/_detection2_d_extended_s.c.o[0m
[ 82%] [32mBuilding C object CMakeFiles/vision_msgs_custom__rosidl_generator_py.dir/rosidl_generator_py/vision_msgs_custom/msg/_object_distance_s.c.o[0m
[ 84%] [32m[1mLinking C shared library rosidl_generator_py/vision_msgs_custom/libvision_msgs_custom__rosidl_generator_py.so[0m
[ 84%] Built target vision_msgs_custom__rosidl_generator_py
[ 89%] [32mBuilding C object CMakeFiles/vision_msgs_custom__rosidl_typesupport_fastrtps_c__pyext.dir/rosidl_generator_py/vision_msgs_custom/_vision_msgs_custom_s.ep.rosidl_typesupport_fastrtps_c.c.o[0m
[ 89%] [32mBuilding C object CMakeFiles/vision_msgs_custom__rosidl_typesupport_c__pyext.dir/rosidl_generator_py/vision_msgs_custom/_vision_msgs_custom_s.ep.rosidl_typesupport_c.c.o[0m
[ 92%] [32mBuilding C object CMakeFiles/vision_msgs_custom__rosidl_typesupport_introspection_c__pyext.dir/rosidl_generator_py/vision_msgs_custom/_vision_msgs_custom_s.ep.rosidl_typesupport_introspection_c.c.o[0m
[100%] [32m[1mLinking C shared library rosidl_generator_py/vision_msgs_custom/vision_msgs_custom_s__rosidl_typesupport_fastrtps_c.cpython-310-x86_64-linux-gnu.so[0m
[100%] [32m[1mLinking C shared library rosidl_generator_py/vision_msgs_custom/vision_msgs_custom_s__rosidl_typesupport_c.cpython-310-x86_64-linux-gnu.so[0m
[100%] [32m[1mLinking C shared library rosidl_generator_py/vision_msgs_custom/vision_msgs_custom_s__rosidl_typesupport_introspection_c.cpython-310-x86_64-linux-gnu.so[0m
[100%] Built target vision_msgs_custom__rosidl_typesupport_fastrtps_c__pyext
[100%] Built target vision_msgs_custom__rosidl_typesupport_c__pyext
[100%] Built target vision_msgs_custom__rosidl_typesupport_introspection_c__pyext
-- Install configuration: ""
-- Execute custom install script
-- Symlinking: /home/hgzq/ros2_ws/install/vision_msgs_custom/share/ament_index/resource_index/rosidl_interfaces/vision_msgs_custom
-- Symlinking: /home/hgzq/ros2_ws/install/vision_msgs_custom/include/vision_msgs_custom/vision_msgs_custom/msg/detail/detection2_d_extended__functions.h
-- Symlinking: /home/hgzq/ros2_ws/install/vision_msgs_custom/include/vision_msgs_custom/vision_msgs_custom/msg/detail/detection2_d_extended__struct.h
-- Symlinking: /home/hgzq/ros2_ws/install/vision_msgs_custom/include/vision_msgs_custom/vision_msgs_custom/msg/detail/detection2_d_extended__type_support.h
-- Symlinking: /home/hgzq/ros2_ws/install/vision_msgs_custom/include/vision_msgs_custom/vision_msgs_custom/msg/detail/object_distance__functions.h
-- Symlinking: /home/hgzq/ros2_ws/install/vision_msgs_custom/include/vision_msgs_custom/vision_msgs_custom/msg/detail/object_distance__struct.h
-- Symlinking: /home/hgzq/ros2_ws/install/vision_msgs_custom/include/vision_msgs_custom/vision_msgs_custom/msg/detail/object_distance__type_support.h
-- Symlinking: /home/hgzq/ros2_ws/install/vision_msgs_custom/include/vision_msgs_custom/vision_msgs_custom/msg/detection2_d_extended.h
-- Symlinking: /home/hgzq/ros2_ws/install/vision_msgs_custom/include/vision_msgs_custom/vision_msgs_custom/msg/object_distance.h
-- Symlinking: /home/hgzq/ros2_ws/install/vision_msgs_custom/include/vision_msgs_custom/vision_msgs_custom/msg/rosidl_generator_c__visibility_control.h
-- Symlinking: /home/hgzq/ros2_ws/install/vision_msgs_custom/share/vision_msgs_custom/environment/library_path.sh
-- Symlinking: /home/hgzq/ros2_ws/install/vision_msgs_custom/share/vision_msgs_custom/environment/library_path.dsv
-- Symlinking: /home/hgzq/ros2_ws/install/vision_msgs_custom/include/vision_msgs_custom/vision_msgs_custom/msg/detail/detection2_d_extended__rosidl_typesupport_fastrtps_c.h
-- Symlinking: /home/hgzq/ros2_ws/install/vision_msgs_custom/include/vision_msgs_custom/vision_msgs_custom/msg/detail/object_distance__rosidl_typesupport_fastrtps_c.h
-- Symlinking: /home/hgzq/ros2_ws/install/vision_msgs_custom/include/vision_msgs_custom/vision_msgs_custom/msg/rosidl_typesupport_fastrtps_c__visibility_control.h
-- Symlinking: /home/hgzq/ros2_ws/install/vision_msgs_custom/include/vision_msgs_custom/vision_msgs_custom/msg/detail/detection2_d_extended__builder.hpp
-- Symlinking: /home/hgzq/ros2_ws/install/vision_msgs_custom/include/vision_msgs_custom/vision_msgs_custom/msg/detail/detection2_d_extended__struct.hpp
-- Symlinking: /home/hgzq/ros2_ws/install/vision_msgs_custom/include/vision_msgs_custom/vision_msgs_custom/msg/detail/detection2_d_extended__traits.hpp
-- Symlinking: /home/hgzq/ros2_ws/install/vision_msgs_custom/include/vision_msgs_custom/vision_msgs_custom/msg/detail/detection2_d_extended__type_support.hpp
-- Symlinking: /home/hgzq/ros2_ws/install/vision_msgs_custom/include/vision_msgs_custom/vision_msgs_custom/msg/detail/object_distance__builder.hpp
-- Symlinking: /home/hgzq/ros2_ws/install/vision_msgs_custom/include/vision_msgs_custom/vision_msgs_custom/msg/detail/object_distance__struct.hpp
-- Symlinking: /home/hgzq/ros2_ws/install/vision_msgs_custom/include/vision_msgs_custom/vision_msgs_custom/msg/detail/object_distance__traits.hpp
-- Symlinking: /home/hgzq/ros2_ws/install/vision_msgs_custom/include/vision_msgs_custom/vision_msgs_custom/msg/detail/object_distance__type_support.hpp
-- Symlinking: /home/hgzq/ros2_ws/install/vision_msgs_custom/include/vision_msgs_custom/vision_msgs_custom/msg/detection2_d_extended.hpp
-- Symlinking: /home/hgzq/ros2_ws/install/vision_msgs_custom/include/vision_msgs_custom/vision_msgs_custom/msg/object_distance.hpp
-- Symlinking: /home/hgzq/ros2_ws/install/vision_msgs_custom/include/vision_msgs_custom/vision_msgs_custom/msg/rosidl_generator_cpp__visibility_control.hpp
-- Symlinking: /home/hgzq/ros2_ws/install/vision_msgs_custom/include/vision_msgs_custom/vision_msgs_custom/msg/detail/detection2_d_extended__rosidl_typesupport_fastrtps_cpp.hpp
-- Symlinking: /home/hgzq/ros2_ws/install/vision_msgs_custom/include/vision_msgs_custom/vision_msgs_custom/msg/detail/object_distance__rosidl_typesupport_fastrtps_cpp.hpp
-- Symlinking: /home/hgzq/ros2_ws/install/vision_msgs_custom/include/vision_msgs_custom/vision_msgs_custom/msg/rosidl_typesupport_fastrtps_cpp__visibility_control.h
-- Symlinking: /home/hgzq/ros2_ws/install/vision_msgs_custom/include/vision_msgs_custom/vision_msgs_custom/msg/detail/detection2_d_extended__rosidl_typesupport_introspection_c.h
-- Symlinking: /home/hgzq/ros2_ws/install/vision_msgs_custom/include/vision_msgs_custom/vision_msgs_custom/msg/detail/object_distance__rosidl_typesupport_introspection_c.h
-- Symlinking: /home/hgzq/ros2_ws/install/vision_msgs_custom/include/vision_msgs_custom/vision_msgs_custom/msg/rosidl_typesupport_introspection_c__visibility_control.h
-- Symlinking: /home/hgzq/ros2_ws/install/vision_msgs_custom/include/vision_msgs_custom/vision_msgs_custom/msg/detail/detection2_d_extended__rosidl_typesupport_introspection_cpp.hpp
-- Symlinking: /home/hgzq/ros2_ws/install/vision_msgs_custom/include/vision_msgs_custom/vision_msgs_custom/msg/detail/object_distance__rosidl_typesupport_introspection_cpp.hpp
-- Symlinking: /home/hgzq/ros2_ws/install/vision_msgs_custom/share/vision_msgs_custom/environment/pythonpath.sh
-- Symlinking: /home/hgzq/ros2_ws/install/vision_msgs_custom/share/vision_msgs_custom/environment/pythonpath.dsv
-- Symlinking: /home/hgzq/ros2_ws/install/vision_msgs_custom/local/lib/python3.10/dist-packages/vision_msgs_custom-1.0.0-py3.10.egg-info/PKG-INFO
-- Symlinking: /home/hgzq/ros2_ws/install/vision_msgs_custom/local/lib/python3.10/dist-packages/vision_msgs_custom-1.0.0-py3.10.egg-info/SOURCES.txt
-- Symlinking: /home/hgzq/ros2_ws/install/vision_msgs_custom/local/lib/python3.10/dist-packages/vision_msgs_custom-1.0.0-py3.10.egg-info/dependency_links.txt
-- Symlinking: /home/hgzq/ros2_ws/install/vision_msgs_custom/local/lib/python3.10/dist-packages/vision_msgs_custom-1.0.0-py3.10.egg-info/top_level.txt
-- Symlinking: /home/hgzq/ros2_ws/install/vision_msgs_custom/local/lib/python3.10/dist-packages/vision_msgs_custom/__init__.py
-- Symlinking: /home/hgzq/ros2_ws/install/vision_msgs_custom/local/lib/python3.10/dist-packages/vision_msgs_custom/_vision_msgs_custom_s.ep.rosidl_typesupport_c.c
-- Symlinking: /home/hgzq/ros2_ws/install/vision_msgs_custom/local/lib/python3.10/dist-packages/vision_msgs_custom/_vision_msgs_custom_s.ep.rosidl_typesupport_fastrtps_c.c
-- Symlinking: /home/hgzq/ros2_ws/install/vision_msgs_custom/local/lib/python3.10/dist-packages/vision_msgs_custom/_vision_msgs_custom_s.ep.rosidl_typesupport_introspection_c.c
-- Symlinking: /home/hgzq/ros2_ws/install/vision_msgs_custom/local/lib/python3.10/dist-packages/vision_msgs_custom/libvision_msgs_custom__rosidl_generator_py.so
-- Symlinking: /home/hgzq/ros2_ws/install/vision_msgs_custom/local/lib/python3.10/dist-packages/vision_msgs_custom/msg/__init__.py
-- Symlinking: /home/hgzq/ros2_ws/install/vision_msgs_custom/local/lib/python3.10/dist-packages/vision_msgs_custom/msg/_detection2_d_extended.py
-- Symlinking: /home/hgzq/ros2_ws/install/vision_msgs_custom/local/lib/python3.10/dist-packages/vision_msgs_custom/msg/_detection2_d_extended_s.c
-- Symlinking: /home/hgzq/ros2_ws/install/vision_msgs_custom/local/lib/python3.10/dist-packages/vision_msgs_custom/msg/_object_distance.py
-- Symlinking: /home/hgzq/ros2_ws/install/vision_msgs_custom/local/lib/python3.10/dist-packages/vision_msgs_custom/msg/_object_distance_s.c
-- Symlinking: /home/hgzq/ros2_ws/install/vision_msgs_custom/local/lib/python3.10/dist-packages/vision_msgs_custom/vision_msgs_custom_s__rosidl_typesupport_c.cpython-310-x86_64-linux-gnu.so
-- Symlinking: /home/hgzq/ros2_ws/install/vision_msgs_custom/local/lib/python3.10/dist-packages/vision_msgs_custom/vision_msgs_custom_s__rosidl_typesupport_fastrtps_c.cpython-310-x86_64-linux-gnu.so
-- Symlinking: /home/hgzq/ros2_ws/install/vision_msgs_custom/local/lib/python3.10/dist-packages/vision_msgs_custom/vision_msgs_custom_s__rosidl_typesupport_introspection_c.cpython-310-x86_64-linux-gnu.so
-- Up-to-date symlink: /home/hgzq/ros2_ws/install/vision_msgs_custom/local/lib/python3.10/dist-packages/vision_msgs_custom/vision_msgs_custom_s__rosidl_typesupport_fastrtps_c.cpython-310-x86_64-linux-gnu.so
-- Up-to-date symlink: /home/hgzq/ros2_ws/install/vision_msgs_custom/local/lib/python3.10/dist-packages/vision_msgs_custom/vision_msgs_custom_s__rosidl_typesupport_introspection_c.cpython-310-x86_64-linux-gnu.so
-- Up-to-date symlink: /home/hgzq/ros2_ws/install/vision_msgs_custom/local/lib/python3.10/dist-packages/vision_msgs_custom/vision_msgs_custom_s__rosidl_typesupport_c.cpython-310-x86_64-linux-gnu.so
-- Symlinking: /home/hgzq/ros2_ws/install/vision_msgs_custom/share/vision_msgs_custom/msg/Detection2DExtended.idl
-- Symlinking: /home/hgzq/ros2_ws/install/vision_msgs_custom/share/vision_msgs_custom/msg/ObjectDistance.idl
-- Symlinking: /home/hgzq/ros2_ws/install/vision_msgs_custom/share/vision_msgs_custom/msg/Detection2DExtended.msg
-- Symlinking: /home/hgzq/ros2_ws/install/vision_msgs_custom/share/vision_msgs_custom/msg/ObjectDistance.msg
-- Symlinking: /home/hgzq/ros2_ws/install/vision_msgs_custom/share/ament_index/resource_index/package_run_dependencies/vision_msgs_custom
-- Symlinking: /home/hgzq/ros2_ws/install/vision_msgs_custom/share/ament_index/resource_index/parent_prefix_path/vision_msgs_custom
-- Symlinking: /home/hgzq/ros2_ws/install/vision_msgs_custom/share/vision_msgs_custom/environment/ament_prefix_path.sh
-- Symlinking: /home/hgzq/ros2_ws/install/vision_msgs_custom/share/vision_msgs_custom/environment/ament_prefix_path.dsv
-- Symlinking: /home/hgzq/ros2_ws/install/vision_msgs_custom/share/vision_msgs_custom/environment/path.sh
-- Symlinking: /home/hgzq/ros2_ws/install/vision_msgs_custom/share/vision_msgs_custom/environment/path.dsv
-- Symlinking: /home/hgzq/ros2_ws/install/vision_msgs_custom/share/vision_msgs_custom/local_setup.bash
-- Symlinking: /home/hgzq/ros2_ws/install/vision_msgs_custom/share/vision_msgs_custom/local_setup.sh
-- Symlinking: /home/hgzq/ros2_ws/install/vision_msgs_custom/share/vision_msgs_custom/local_setup.zsh
-- Symlinking: /home/hgzq/ros2_ws/install/vision_msgs_custom/share/vision_msgs_custom/local_setup.dsv
-- Symlinking: /home/hgzq/ros2_ws/install/vision_msgs_custom/share/vision_msgs_custom/package.dsv
-- Symlinking: /home/hgzq/ros2_ws/install/vision_msgs_custom/share/ament_index/resource_index/packages/vision_msgs_custom
-- Symlinking: /home/hgzq/ros2_ws/install/vision_msgs_custom/share/vision_msgs_custom/cmake/rosidl_cmake-extras.cmake
-- Symlinking: /home/hgzq/ros2_ws/install/vision_msgs_custom/share/vision_msgs_custom/cmake/ament_cmake_export_dependencies-extras.cmake
-- Symlinking: /home/hgzq/ros2_ws/install/vision_msgs_custom/share/vision_msgs_custom/cmake/ament_cmake_export_include_directories-extras.cmake
-- Symlinking: /home/hgzq/ros2_ws/install/vision_msgs_custom/share/vision_msgs_custom/cmake/ament_cmake_export_libraries-extras.cmake
-- Symlinking: /home/hgzq/ros2_ws/install/vision_msgs_custom/share/vision_msgs_custom/cmake/ament_cmake_export_targets-extras.cmake
-- Symlinking: /home/hgzq/ros2_ws/install/vision_msgs_custom/share/vision_msgs_custom/cmake/rosidl_cmake_export_typesupport_targets-extras.cmake
-- Symlinking: /home/hgzq/ros2_ws/install/vision_msgs_custom/share/vision_msgs_custom/cmake/rosidl_cmake_export_typesupport_libraries-extras.cmake
-- Symlinking: /home/hgzq/ros2_ws/install/vision_msgs_custom/share/vision_msgs_custom/cmake/vision_msgs_customConfig.cmake
-- Symlinking: /home/hgzq/ros2_ws/install/vision_msgs_custom/share/vision_msgs_custom/cmake/vision_msgs_customConfig-version.cmake
-- Symlinking: /home/hgzq/ros2_ws/install/vision_msgs_custom/share/vision_msgs_custom/package.xml
-- Installing: /home/hgzq/ros2_ws/install/vision_msgs_custom/lib/libvision_msgs_custom__rosidl_generator_c.so
-- Set runtime path of "/home/hgzq/ros2_ws/install/vision_msgs_custom/lib/libvision_msgs_custom__rosidl_generator_c.so" to ""
-- Installing: /home/hgzq/ros2_ws/install/vision_msgs_custom/lib/libvision_msgs_custom__rosidl_typesupport_fastrtps_c.so
-- Set runtime path of "/home/hgzq/ros2_ws/install/vision_msgs_custom/lib/libvision_msgs_custom__rosidl_typesupport_fastrtps_c.so" to ""
-- Installing: /home/hgzq/ros2_ws/install/vision_msgs_custom/lib/libvision_msgs_custom__rosidl_typesupport_fastrtps_cpp.so
-- Set runtime path of "/home/hgzq/ros2_ws/install/vision_msgs_custom/lib/libvision_msgs_custom__rosidl_typesupport_fastrtps_cpp.so" to ""
-- Installing: /home/hgzq/ros2_ws/install/vision_msgs_custom/lib/libvision_msgs_custom__rosidl_typesupport_introspection_c.so
-- Set runtime path of "/home/hgzq/ros2_ws/install/vision_msgs_custom/lib/libvision_msgs_custom__rosidl_typesupport_introspection_c.so" to ""
-- Installing: /home/hgzq/ros2_ws/install/vision_msgs_custom/lib/libvision_msgs_custom__rosidl_typesupport_c.so
-- Set runtime path of "/home/hgzq/ros2_ws/install/vision_msgs_custom/lib/libvision_msgs_custom__rosidl_typesupport_c.so" to ""
-- Installing: /home/hgzq/ros2_ws/install/vision_msgs_custom/lib/libvision_msgs_custom__rosidl_typesupport_introspection_cpp.so
-- Set runtime path of "/home/hgzq/ros2_ws/install/vision_msgs_custom/lib/libvision_msgs_custom__rosidl_typesupport_introspection_cpp.so" to ""
-- Installing: /home/hgzq/ros2_ws/install/vision_msgs_custom/lib/libvision_msgs_custom__rosidl_typesupport_cpp.so
-- Set runtime path of "/home/hgzq/ros2_ws/install/vision_msgs_custom/lib/libvision_msgs_custom__rosidl_typesupport_cpp.so" to ""
Listing '/home/hgzq/ros2_ws/install/vision_msgs_custom/local/lib/python3.10/dist-packages/vision_msgs_custom'...
Compiling '/home/hgzq/ros2_ws/install/vision_msgs_custom/local/lib/python3.10/dist-packages/vision_msgs_custom/__init__.py'...
Listing '/home/hgzq/ros2_ws/install/vision_msgs_custom/local/lib/python3.10/dist-packages/vision_msgs_custom/msg'...
Compiling '/home/hgzq/ros2_ws/install/vision_msgs_custom/local/lib/python3.10/dist-packages/vision_msgs_custom/msg/__init__.py'...
Compiling '/home/hgzq/ros2_ws/install/vision_msgs_custom/local/lib/python3.10/dist-packages/vision_msgs_custom/msg/_detection2_d_extended.py'...
Compiling '/home/hgzq/ros2_ws/install/vision_msgs_custom/local/lib/python3.10/dist-packages/vision_msgs_custom/msg/_object_distance.py'...
-- Installing: /home/hgzq/ros2_ws/install/vision_msgs_custom/lib/libvision_msgs_custom__rosidl_generator_py.so
-- Set runtime path of "/home/hgzq/ros2_ws/install/vision_msgs_custom/lib/libvision_msgs_custom__rosidl_generator_py.so" to ""
-- Installing: /home/hgzq/ros2_ws/install/vision_msgs_custom/share/vision_msgs_custom/cmake/export_vision_msgs_custom__rosidl_generator_cExport.cmake
-- Installing: /home/hgzq/ros2_ws/install/vision_msgs_custom/share/vision_msgs_custom/cmake/export_vision_msgs_custom__rosidl_generator_cExport-noconfig.cmake
-- Installing: /home/hgzq/ros2_ws/install/vision_msgs_custom/share/vision_msgs_custom/cmake/export_vision_msgs_custom__rosidl_typesupport_fastrtps_cExport.cmake
-- Installing: /home/hgzq/ros2_ws/install/vision_msgs_custom/share/vision_msgs_custom/cmake/export_vision_msgs_custom__rosidl_typesupport_fastrtps_cExport-noconfig.cmake
-- Installing: /home/hgzq/ros2_ws/install/vision_msgs_custom/share/vision_msgs_custom/cmake/export_vision_msgs_custom__rosidl_generator_cppExport.cmake
-- Installing: /home/hgzq/ros2_ws/install/vision_msgs_custom/share/vision_msgs_custom/cmake/export_vision_msgs_custom__rosidl_typesupport_fastrtps_cppExport.cmake
-- Installing: /home/hgzq/ros2_ws/install/vision_msgs_custom/share/vision_msgs_custom/cmake/export_vision_msgs_custom__rosidl_typesupport_fastrtps_cppExport-noconfig.cmake
-- Installing: /home/hgzq/ros2_ws/install/vision_msgs_custom/share/vision_msgs_custom/cmake/vision_msgs_custom__rosidl_typesupport_introspection_cExport.cmake
-- Installing: /home/hgzq/ros2_ws/install/vision_msgs_custom/share/vision_msgs_custom/cmake/vision_msgs_custom__rosidl_typesupport_introspection_cExport-noconfig.cmake
-- Installing: /home/hgzq/ros2_ws/install/vision_msgs_custom/share/vision_msgs_custom/cmake/vision_msgs_custom__rosidl_typesupport_cExport.cmake
-- Installing: /home/hgzq/ros2_ws/install/vision_msgs_custom/share/vision_msgs_custom/cmake/vision_msgs_custom__rosidl_typesupport_cExport-noconfig.cmake
-- Installing: /home/hgzq/ros2_ws/install/vision_msgs_custom/share/vision_msgs_custom/cmake/vision_msgs_custom__rosidl_typesupport_introspection_cppExport.cmake
-- Installing: /home/hgzq/ros2_ws/install/vision_msgs_custom/share/vision_msgs_custom/cmake/vision_msgs_custom__rosidl_typesupport_introspection_cppExport-noconfig.cmake
-- Installing: /home/hgzq/ros2_ws/install/vision_msgs_custom/share/vision_msgs_custom/cmake/vision_msgs_custom__rosidl_typesupport_cppExport.cmake
-- Installing: /home/hgzq/ros2_ws/install/vision_msgs_custom/share/vision_msgs_custom/cmake/vision_msgs_custom__rosidl_typesupport_cppExport-noconfig.cmake
-- Installing: /home/hgzq/ros2_ws/install/vision_msgs_custom/share/vision_msgs_custom/cmake/export_vision_msgs_custom__rosidl_generator_pyExport.cmake
-- Installing: /home/hgzq/ros2_ws/install/vision_msgs_custom/share/vision_msgs_custom/cmake/export_vision_msgs_custom__rosidl_generator_pyExport-noconfig.cmake
