[0.053s] DEBUG:colcon:Command line arguments: ['/usr/bin/colcon', 'build', '--symlink-install']
[0.053s] DEBUG:colcon:Parsed command line arguments: Namespace(log_base=None, log_level=None, verb_name='build', build_base='build', install_base='install', merge_install=False, symlink_install=True, test_result_base=None, continue_on_error=False, executor='parallel', parallel_workers=16, event_handlers=None, ignore_user_meta=False, metas=['./colcon.meta'], base_paths=['.'], packages_ignore=None, packages_ignore_regex=None, paths=None, packages_up_to=None, packages_up_to_regex=None, packages_above=None, packages_above_and_dependencies=None, packages_above_depth=None, packages_select_by_dep=None, packages_skip_by_dep=None, packages_skip_up_to=None, packages_select_build_failed=False, packages_skip_build_finished=False, packages_select_test_failures=False, packages_skip_test_passed=False, packages_select=None, packages_skip=None, packages_select_regex=None, packages_skip_regex=None, packages_start=None, packages_end=None, allow_overriding=[], cmake_args=None, cmake_target=None, cmake_target_skip_unavailable=False, cmake_clean_cache=False, cmake_clean_first=False, cmake_force_configure=False, ament_cmake_args=None, catkin_cmake_args=None, catkin_skip_building_tests=False, verb_parser=<colcon_defaults.argument_parser.defaults.DefaultArgumentsDecorator object at 0x701f2e570bb0>, verb_extension=<colcon_core.verb.build.BuildVerb object at 0x701f2e6760b0>, main=<bound method BuildVerb.main of <colcon_core.verb.build.BuildVerb object at 0x701f2e6760b0>>)
[0.130s] Level 1:colcon.colcon_core.package_discovery:discover_packages(colcon_meta) check parameters
[0.131s] Level 1:colcon.colcon_core.package_discovery:discover_packages(recursive) check parameters
[0.131s] Level 1:colcon.colcon_core.package_discovery:discover_packages(ignore) check parameters
[0.131s] Level 1:colcon.colcon_core.package_discovery:discover_packages(path) check parameters
[0.131s] Level 1:colcon.colcon_core.package_discovery:discover_packages(colcon_meta) discover
[0.131s] Level 1:colcon.colcon_core.package_discovery:discover_packages(recursive) discover
[0.131s] INFO:colcon.colcon_core.package_discovery:Crawling recursively for packages in '/home/hgzq/ros2_ws'
[0.131s] Level 1:colcon.colcon_core.package_identification:_identify(.) by extensions ['ignore', 'ignore_ament_install']
[0.131s] Level 1:colcon.colcon_core.package_identification:_identify(.) by extension 'ignore'
[0.131s] Level 1:colcon.colcon_core.package_identification:_identify(.) by extension 'ignore_ament_install'
[0.131s] Level 1:colcon.colcon_core.package_identification:_identify(.) by extensions ['colcon_pkg']
[0.131s] Level 1:colcon.colcon_core.package_identification:_identify(.) by extension 'colcon_pkg'
[0.131s] Level 1:colcon.colcon_core.package_identification:_identify(.) by extensions ['colcon_meta']
[0.131s] Level 1:colcon.colcon_core.package_identification:_identify(.) by extension 'colcon_meta'
[0.131s] Level 1:colcon.colcon_core.package_identification:_identify(.) by extensions ['ros']
[0.131s] Level 1:colcon.colcon_core.package_identification:_identify(.) by extension 'ros'
[0.137s] Level 1:colcon.colcon_core.package_identification:_identify(.) by extensions ['cmake', 'python']
[0.137s] Level 1:colcon.colcon_core.package_identification:_identify(.) by extension 'cmake'
[0.137s] Level 1:colcon.colcon_core.package_identification:_identify(.) by extension 'python'
[0.137s] Level 1:colcon.colcon_core.package_identification:_identify(.) by extensions ['python_setup_py']
[0.137s] Level 1:colcon.colcon_core.package_identification:_identify(.) by extension 'python_setup_py'
[0.137s] Level 1:colcon.colcon_core.package_identification:_identify(build) by extensions ['ignore', 'ignore_ament_install']
[0.137s] Level 1:colcon.colcon_core.package_identification:_identify(build) by extension 'ignore'
[0.137s] Level 1:colcon.colcon_core.package_identification:_identify(build) ignored
[0.137s] Level 1:colcon.colcon_core.package_identification:_identify(install) by extensions ['ignore', 'ignore_ament_install']
[0.137s] Level 1:colcon.colcon_core.package_identification:_identify(install) by extension 'ignore'
[0.137s] Level 1:colcon.colcon_core.package_identification:_identify(install) ignored
[0.137s] Level 1:colcon.colcon_core.package_identification:_identify(log) by extensions ['ignore', 'ignore_ament_install']
[0.137s] Level 1:colcon.colcon_core.package_identification:_identify(log) by extension 'ignore'
[0.137s] Level 1:colcon.colcon_core.package_identification:_identify(log) ignored
[0.137s] Level 1:colcon.colcon_core.package_identification:_identify(src) by extensions ['ignore', 'ignore_ament_install']
[0.137s] Level 1:colcon.colcon_core.package_identification:_identify(src) by extension 'ignore'
[0.137s] Level 1:colcon.colcon_core.package_identification:_identify(src) by extension 'ignore_ament_install'
[0.137s] Level 1:colcon.colcon_core.package_identification:_identify(src) by extensions ['colcon_pkg']
[0.137s] Level 1:colcon.colcon_core.package_identification:_identify(src) by extension 'colcon_pkg'
[0.137s] Level 1:colcon.colcon_core.package_identification:_identify(src) by extensions ['colcon_meta']
[0.137s] Level 1:colcon.colcon_core.package_identification:_identify(src) by extension 'colcon_meta'
[0.137s] Level 1:colcon.colcon_core.package_identification:_identify(src) by extensions ['ros']
[0.138s] Level 1:colcon.colcon_core.package_identification:_identify(src) by extension 'ros'
[0.138s] Level 1:colcon.colcon_core.package_identification:_identify(src) by extensions ['cmake', 'python']
[0.138s] Level 1:colcon.colcon_core.package_identification:_identify(src) by extension 'cmake'
[0.138s] Level 1:colcon.colcon_core.package_identification:_identify(src) by extension 'python'
[0.138s] Level 1:colcon.colcon_core.package_identification:_identify(src) by extensions ['python_setup_py']
[0.138s] Level 1:colcon.colcon_core.package_identification:_identify(src) by extension 'python_setup_py'
[0.138s] Level 1:colcon.colcon_core.package_identification:_identify(src/vision_detector) by extensions ['ignore', 'ignore_ament_install']
[0.138s] Level 1:colcon.colcon_core.package_identification:_identify(src/vision_detector) by extension 'ignore'
[0.138s] Level 1:colcon.colcon_core.package_identification:_identify(src/vision_detector) by extension 'ignore_ament_install'
[0.138s] Level 1:colcon.colcon_core.package_identification:_identify(src/vision_detector) by extensions ['colcon_pkg']
[0.138s] Level 1:colcon.colcon_core.package_identification:_identify(src/vision_detector) by extension 'colcon_pkg'
[0.138s] Level 1:colcon.colcon_core.package_identification:_identify(src/vision_detector) by extensions ['colcon_meta']
[0.138s] Level 1:colcon.colcon_core.package_identification:_identify(src/vision_detector) by extension 'colcon_meta'
[0.138s] Level 1:colcon.colcon_core.package_identification:_identify(src/vision_detector) by extensions ['ros']
[0.138s] Level 1:colcon.colcon_core.package_identification:_identify(src/vision_detector) by extension 'ros'
[0.139s] DEBUG:colcon.colcon_core.package_identification:Package 'src/vision_detector' with type 'ros.ament_python' and name 'vision_detector'
[0.139s] Level 1:colcon.colcon_core.package_identification:_identify(src/vision_msgs_custom) by extensions ['ignore', 'ignore_ament_install']
[0.139s] Level 1:colcon.colcon_core.package_identification:_identify(src/vision_msgs_custom) by extension 'ignore'
[0.139s] Level 1:colcon.colcon_core.package_identification:_identify(src/vision_msgs_custom) by extension 'ignore_ament_install'
[0.139s] Level 1:colcon.colcon_core.package_identification:_identify(src/vision_msgs_custom) by extensions ['colcon_pkg']
[0.139s] Level 1:colcon.colcon_core.package_identification:_identify(src/vision_msgs_custom) by extension 'colcon_pkg'
[0.139s] Level 1:colcon.colcon_core.package_identification:_identify(src/vision_msgs_custom) by extensions ['colcon_meta']
[0.139s] Level 1:colcon.colcon_core.package_identification:_identify(src/vision_msgs_custom) by extension 'colcon_meta'
[0.139s] Level 1:colcon.colcon_core.package_identification:_identify(src/vision_msgs_custom) by extensions ['ros']
[0.140s] Level 1:colcon.colcon_core.package_identification:_identify(src/vision_msgs_custom) by extension 'ros'
[0.140s] DEBUG:colcon.colcon_core.package_identification:Package 'src/vision_msgs_custom' with type 'ros.ament_cmake' and name 'vision_msgs_custom'
[0.140s] Level 1:colcon.colcon_core.package_discovery:discover_packages(recursive) using defaults
[0.140s] Level 1:colcon.colcon_core.package_discovery:discover_packages(ignore) discover
[0.140s] Level 1:colcon.colcon_core.package_discovery:discover_packages(ignore) using defaults
[0.140s] Level 1:colcon.colcon_core.package_discovery:discover_packages(path) discover
[0.140s] Level 1:colcon.colcon_core.package_discovery:discover_packages(path) using defaults
[0.157s] Level 1:colcon.colcon_core.package_discovery:discover_packages(prefix_path) check parameters
[0.157s] Level 1:colcon.colcon_core.package_discovery:discover_packages(prefix_path) discover
[0.158s] WARNING:colcon.colcon_ros.prefix_path.ament:The path '/home/hgzq/ros2_ws/install/vision_msgs_custom' in the environment variable AMENT_PREFIX_PATH doesn't exist
[0.158s] WARNING:colcon.colcon_ros.prefix_path.ament:The path '/home/hgzq/ros2_ws/install/vision_detector' in the environment variable AMENT_PREFIX_PATH doesn't exist
[0.158s] WARNING:colcon.colcon_ros.prefix_path.catkin:The path '/home/hgzq/ros2_ws/install/vision_msgs_custom' in the environment variable CMAKE_PREFIX_PATH doesn't exist
[0.158s] DEBUG:colcon.colcon_installed_package_information.package_discovery:Found 0 installed packages in /home/hgzq/ros2_ws/install
[0.159s] DEBUG:colcon.colcon_installed_package_information.package_discovery:Found 271 installed packages in /opt/ros/humble
[0.160s] Level 1:colcon.colcon_core.package_discovery:discover_packages(prefix_path) using defaults
[0.178s] Level 5:colcon.colcon_core.verb:set package 'vision_detector' build argument 'cmake_args' from command line to 'None'
[0.178s] Level 5:colcon.colcon_core.verb:set package 'vision_detector' build argument 'cmake_target' from command line to 'None'
[0.178s] Level 5:colcon.colcon_core.verb:set package 'vision_detector' build argument 'cmake_target_skip_unavailable' from command line to 'False'
[0.178s] Level 5:colcon.colcon_core.verb:set package 'vision_detector' build argument 'cmake_clean_cache' from command line to 'False'
[0.178s] Level 5:colcon.colcon_core.verb:set package 'vision_detector' build argument 'cmake_clean_first' from command line to 'False'
[0.178s] Level 5:colcon.colcon_core.verb:set package 'vision_detector' build argument 'cmake_force_configure' from command line to 'False'
[0.178s] Level 5:colcon.colcon_core.verb:set package 'vision_detector' build argument 'ament_cmake_args' from command line to 'None'
[0.178s] Level 5:colcon.colcon_core.verb:set package 'vision_detector' build argument 'catkin_cmake_args' from command line to 'None'
[0.178s] Level 5:colcon.colcon_core.verb:set package 'vision_detector' build argument 'catkin_skip_building_tests' from command line to 'False'
[0.178s] DEBUG:colcon.colcon_core.verb:Building package 'vision_detector' with the following arguments: {'ament_cmake_args': None, 'build_base': '/home/hgzq/ros2_ws/build/vision_detector', 'catkin_cmake_args': None, 'catkin_skip_building_tests': False, 'cmake_args': None, 'cmake_clean_cache': False, 'cmake_clean_first': False, 'cmake_force_configure': False, 'cmake_target': None, 'cmake_target_skip_unavailable': False, 'install_base': '/home/hgzq/ros2_ws/install/vision_detector', 'merge_install': False, 'path': '/home/hgzq/ros2_ws/src/vision_detector', 'symlink_install': True, 'test_result_base': None}
[0.178s] Level 5:colcon.colcon_core.verb:set package 'vision_msgs_custom' build argument 'cmake_args' from command line to 'None'
[0.179s] Level 5:colcon.colcon_core.verb:set package 'vision_msgs_custom' build argument 'cmake_target' from command line to 'None'
[0.179s] Level 5:colcon.colcon_core.verb:set package 'vision_msgs_custom' build argument 'cmake_target_skip_unavailable' from command line to 'False'
[0.179s] Level 5:colcon.colcon_core.verb:set package 'vision_msgs_custom' build argument 'cmake_clean_cache' from command line to 'False'
[0.179s] Level 5:colcon.colcon_core.verb:set package 'vision_msgs_custom' build argument 'cmake_clean_first' from command line to 'False'
[0.179s] Level 5:colcon.colcon_core.verb:set package 'vision_msgs_custom' build argument 'cmake_force_configure' from command line to 'False'
[0.179s] Level 5:colcon.colcon_core.verb:set package 'vision_msgs_custom' build argument 'ament_cmake_args' from command line to 'None'
[0.179s] Level 5:colcon.colcon_core.verb:set package 'vision_msgs_custom' build argument 'catkin_cmake_args' from command line to 'None'
[0.179s] Level 5:colcon.colcon_core.verb:set package 'vision_msgs_custom' build argument 'catkin_skip_building_tests' from command line to 'False'
[0.179s] DEBUG:colcon.colcon_core.verb:Building package 'vision_msgs_custom' with the following arguments: {'ament_cmake_args': None, 'build_base': '/home/hgzq/ros2_ws/build/vision_msgs_custom', 'catkin_cmake_args': None, 'catkin_skip_building_tests': False, 'cmake_args': None, 'cmake_clean_cache': False, 'cmake_clean_first': False, 'cmake_force_configure': False, 'cmake_target': None, 'cmake_target_skip_unavailable': False, 'install_base': '/home/hgzq/ros2_ws/install/vision_msgs_custom', 'merge_install': False, 'path': '/home/hgzq/ros2_ws/src/vision_msgs_custom', 'symlink_install': True, 'test_result_base': None}
[0.179s] INFO:colcon.colcon_core.executor:Executing jobs using 'parallel' executor
[0.180s] DEBUG:colcon.colcon_parallel_executor.executor.parallel:run_until_complete
[0.180s] INFO:colcon.colcon_ros.task.ament_python.build:Building ROS package in '/home/hgzq/ros2_ws/src/vision_detector' with build type 'ament_python'
[0.180s] Level 1:colcon.colcon_core.shell:create_environment_hook('vision_detector', 'ament_prefix_path')
[0.181s] INFO:colcon.colcon_core.plugin_system:Skipping extension 'colcon_core.shell.bat': Not used on non-Windows systems
[0.181s] INFO:colcon.colcon_core.shell:Creating environment hook '/home/hgzq/ros2_ws/install/vision_detector/share/vision_detector/hook/ament_prefix_path.ps1'
[0.182s] INFO:colcon.colcon_core.shell:Creating environment descriptor '/home/hgzq/ros2_ws/install/vision_detector/share/vision_detector/hook/ament_prefix_path.dsv'
[0.182s] INFO:colcon.colcon_core.shell:Creating environment hook '/home/hgzq/ros2_ws/install/vision_detector/share/vision_detector/hook/ament_prefix_path.sh'
[0.182s] INFO:colcon.colcon_core.shell:Skip shell extension 'powershell' for command environment: Not usable outside of PowerShell
[0.182s] DEBUG:colcon.colcon_core.shell:Skip shell extension 'dsv' for command environment
[0.184s] INFO:colcon.colcon_ros.task.ament_cmake.build:Building ROS package in '/home/hgzq/ros2_ws/src/vision_msgs_custom' with build type 'ament_cmake'
[0.184s] INFO:colcon.colcon_cmake.task.cmake.build:Building CMake package in '/home/hgzq/ros2_ws/src/vision_msgs_custom'
[0.184s] INFO:colcon.colcon_core.shell:Skip shell extension 'powershell' for command environment: Not usable outside of PowerShell
[0.184s] DEBUG:colcon.colcon_core.shell:Skip shell extension 'dsv' for command environment
[0.310s] INFO:colcon.colcon_core.task.python.build:Building Python package in '/home/hgzq/ros2_ws/src/vision_detector'
[0.310s] INFO:colcon.colcon_core.shell:Skip shell extension 'powershell' for command environment: Not usable outside of PowerShell
[0.310s] DEBUG:colcon.colcon_core.shell:Skip shell extension 'dsv' for command environment
[0.315s] DEBUG:colcon.colcon_core.event_handler.log_command:Invoking command in '/home/hgzq/ros2_ws/build/vision_msgs_custom': CMAKE_PREFIX_PATH=${CMAKE_PREFIX_PATH}:/home/hgzq/ros2_ws/install/vision_detector:/opt/ros/humble /usr/bin/cmake /home/hgzq/ros2_ws/src/vision_msgs_custom -DAMENT_CMAKE_SYMLINK_INSTALL=1 -DCMAKE_INSTALL_PREFIX=/home/hgzq/ros2_ws/install/vision_msgs_custom
[0.499s] DEBUG:colcon.colcon_core.event_handler.log_command:Invoking command in '/home/hgzq/ros2_ws/build/vision_detector': PYTHONPATH=/home/hgzq/ros2_ws/build/vision_detector/prefix_override:/usr/lib/python3/dist-packages/colcon_core/task/python/colcon_distutils_commands:/home/hgzq/ros2_ws/install/vision_detector/lib/python3.10/site-packages:${PYTHONPATH} /usr/bin/python3 -W ignore:setup.py install is deprecated -W ignore:easy_install command is deprecated setup.py develop --editable --build-directory /home/hgzq/ros2_ws/build/vision_detector/build --no-deps symlink_data
[0.734s] Level 1:colcon.colcon_core.shell:create_environment_hook('vision_detector', 'pythonpath_develop')
[0.734s] INFO:colcon.colcon_core.shell:Creating environment hook '/home/hgzq/ros2_ws/build/vision_detector/share/vision_detector/hook/pythonpath_develop.ps1'
[0.735s] DEBUG:colcon.colcon_core.event_handler.log_command:Invoked command in '/home/hgzq/ros2_ws/build/vision_detector' returned '0': PYTHONPATH=/home/hgzq/ros2_ws/build/vision_detector/prefix_override:/usr/lib/python3/dist-packages/colcon_core/task/python/colcon_distutils_commands:/home/hgzq/ros2_ws/install/vision_detector/lib/python3.10/site-packages:${PYTHONPATH} /usr/bin/python3 -W ignore:setup.py install is deprecated -W ignore:easy_install command is deprecated setup.py develop --editable --build-directory /home/hgzq/ros2_ws/build/vision_detector/build --no-deps symlink_data
[0.736s] INFO:colcon.colcon_core.shell:Creating environment descriptor '/home/hgzq/ros2_ws/build/vision_detector/share/vision_detector/hook/pythonpath_develop.dsv'
[0.736s] INFO:colcon.colcon_core.shell:Creating environment hook '/home/hgzq/ros2_ws/build/vision_detector/share/vision_detector/hook/pythonpath_develop.sh'
[0.738s] Level 1:colcon.colcon_core.environment:checking '/home/hgzq/ros2_ws/install/vision_detector' for CMake module files
[0.738s] Level 1:colcon.colcon_core.environment:checking '/home/hgzq/ros2_ws/install/vision_detector' for CMake config files
[0.738s] Level 1:colcon.colcon_core.environment:checking '/home/hgzq/ros2_ws/install/vision_detector/lib'
[0.738s] Level 1:colcon.colcon_core.environment:checking '/home/hgzq/ros2_ws/install/vision_detector/bin'
[0.738s] Level 1:colcon.colcon_core.environment:checking '/home/hgzq/ros2_ws/install/vision_detector/lib/pkgconfig/vision_detector.pc'
[0.738s] Level 1:colcon.colcon_core.environment:checking '/home/hgzq/ros2_ws/install/vision_detector/lib/python3.10/site-packages'
[0.738s] Level 1:colcon.colcon_core.shell:create_environment_hook('vision_detector', 'pythonpath')
[0.739s] INFO:colcon.colcon_core.shell:Creating environment hook '/home/hgzq/ros2_ws/install/vision_detector/share/vision_detector/hook/pythonpath.ps1'
[0.739s] INFO:colcon.colcon_core.shell:Creating environment descriptor '/home/hgzq/ros2_ws/install/vision_detector/share/vision_detector/hook/pythonpath.dsv'
[0.739s] INFO:colcon.colcon_core.shell:Creating environment hook '/home/hgzq/ros2_ws/install/vision_detector/share/vision_detector/hook/pythonpath.sh'
[0.739s] Level 1:colcon.colcon_core.environment:checking '/home/hgzq/ros2_ws/install/vision_detector/bin'
[0.739s] Level 1:colcon.colcon_core.environment:create_environment_scripts_only(vision_detector)
[0.739s] INFO:colcon.colcon_core.shell:Creating package script '/home/hgzq/ros2_ws/install/vision_detector/share/vision_detector/package.ps1'
[0.740s] INFO:colcon.colcon_core.shell:Creating package descriptor '/home/hgzq/ros2_ws/install/vision_detector/share/vision_detector/package.dsv'
[0.740s] INFO:colcon.colcon_core.shell:Creating package script '/home/hgzq/ros2_ws/install/vision_detector/share/vision_detector/package.sh'
[0.740s] INFO:colcon.colcon_core.shell:Creating package script '/home/hgzq/ros2_ws/install/vision_detector/share/vision_detector/package.bash'
[0.741s] INFO:colcon.colcon_core.shell:Creating package script '/home/hgzq/ros2_ws/install/vision_detector/share/vision_detector/package.zsh'
[0.741s] Level 1:colcon.colcon_core.environment:create_file_with_runtime_dependencies(/home/hgzq/ros2_ws/install/vision_detector/share/colcon-core/packages/vision_detector)
[1.473s] DEBUG:colcon.colcon_core.event_handler.log_command:Invoked command in '/home/hgzq/ros2_ws/build/vision_msgs_custom' returned '0': CMAKE_PREFIX_PATH=${CMAKE_PREFIX_PATH}:/home/hgzq/ros2_ws/install/vision_detector:/opt/ros/humble /usr/bin/cmake /home/hgzq/ros2_ws/src/vision_msgs_custom -DAMENT_CMAKE_SYMLINK_INSTALL=1 -DCMAKE_INSTALL_PREFIX=/home/hgzq/ros2_ws/install/vision_msgs_custom
[1.474s] DEBUG:colcon.colcon_core.event_handler.log_command:Invoking command in '/home/hgzq/ros2_ws/build/vision_msgs_custom': CMAKE_PREFIX_PATH=${CMAKE_PREFIX_PATH}:/home/hgzq/ros2_ws/install/vision_detector:/opt/ros/humble /usr/bin/cmake --build /home/hgzq/ros2_ws/build/vision_msgs_custom -- -j16 -l16
[3.063s] DEBUG:colcon.colcon_core.event_handler.log_command:Invoked command in '/home/hgzq/ros2_ws/build/vision_msgs_custom' returned '0': CMAKE_PREFIX_PATH=${CMAKE_PREFIX_PATH}:/home/hgzq/ros2_ws/install/vision_detector:/opt/ros/humble /usr/bin/cmake --build /home/hgzq/ros2_ws/build/vision_msgs_custom -- -j16 -l16
[3.074s] DEBUG:colcon.colcon_core.event_handler.log_command:Invoking command in '/home/hgzq/ros2_ws/build/vision_msgs_custom': CMAKE_PREFIX_PATH=${CMAKE_PREFIX_PATH}:/home/hgzq/ros2_ws/install/vision_detector:/opt/ros/humble /usr/bin/cmake --install /home/hgzq/ros2_ws/build/vision_msgs_custom
[3.677s] Level 1:colcon.colcon_core.environment:create_environment_scripts_only(vision_msgs_custom)
[3.677s] DEBUG:colcon.colcon_core.event_handler.log_command:Invoked command in '/home/hgzq/ros2_ws/build/vision_msgs_custom' returned '0': CMAKE_PREFIX_PATH=${CMAKE_PREFIX_PATH}:/home/hgzq/ros2_ws/install/vision_detector:/opt/ros/humble /usr/bin/cmake --install /home/hgzq/ros2_ws/build/vision_msgs_custom
[3.677s] Level 1:colcon.colcon_core.environment:checking '/home/hgzq/ros2_ws/install/vision_msgs_custom' for CMake module files
[3.678s] Level 1:colcon.colcon_core.environment:checking '/home/hgzq/ros2_ws/install/vision_msgs_custom' for CMake config files
[3.679s] Level 1:colcon.colcon_core.shell:create_environment_hook('vision_msgs_custom', 'cmake_prefix_path')
[3.679s] INFO:colcon.colcon_core.shell:Creating environment hook '/home/hgzq/ros2_ws/install/vision_msgs_custom/share/vision_msgs_custom/hook/cmake_prefix_path.ps1'
[3.679s] INFO:colcon.colcon_core.shell:Creating environment descriptor '/home/hgzq/ros2_ws/install/vision_msgs_custom/share/vision_msgs_custom/hook/cmake_prefix_path.dsv'
[3.680s] INFO:colcon.colcon_core.shell:Creating environment hook '/home/hgzq/ros2_ws/install/vision_msgs_custom/share/vision_msgs_custom/hook/cmake_prefix_path.sh'
[3.680s] Level 1:colcon.colcon_core.environment:checking '/home/hgzq/ros2_ws/install/vision_msgs_custom/lib'
[3.680s] Level 1:colcon.colcon_core.shell:create_environment_hook('vision_msgs_custom', 'ld_library_path_lib')
[3.680s] INFO:colcon.colcon_core.shell:Creating environment hook '/home/hgzq/ros2_ws/install/vision_msgs_custom/share/vision_msgs_custom/hook/ld_library_path_lib.ps1'
[3.680s] INFO:colcon.colcon_core.shell:Creating environment descriptor '/home/hgzq/ros2_ws/install/vision_msgs_custom/share/vision_msgs_custom/hook/ld_library_path_lib.dsv'
[3.680s] INFO:colcon.colcon_core.shell:Creating environment hook '/home/hgzq/ros2_ws/install/vision_msgs_custom/share/vision_msgs_custom/hook/ld_library_path_lib.sh'
[3.680s] Level 1:colcon.colcon_core.environment:checking '/home/hgzq/ros2_ws/install/vision_msgs_custom/bin'
[3.680s] Level 1:colcon.colcon_core.environment:checking '/home/hgzq/ros2_ws/install/vision_msgs_custom/lib/pkgconfig/vision_msgs_custom.pc'
[3.681s] Level 1:colcon.colcon_core.environment:checking '/home/hgzq/ros2_ws/install/vision_msgs_custom/lib/python3.10/site-packages'
[3.681s] Level 1:colcon.colcon_core.environment:checking '/home/hgzq/ros2_ws/install/vision_msgs_custom/bin'
[3.681s] INFO:colcon.colcon_core.shell:Creating package script '/home/hgzq/ros2_ws/install/vision_msgs_custom/share/vision_msgs_custom/package.ps1'
[3.681s] INFO:colcon.colcon_core.shell:Creating package descriptor '/home/hgzq/ros2_ws/install/vision_msgs_custom/share/vision_msgs_custom/package.dsv'
[3.681s] INFO:colcon.colcon_core.shell:Creating package script '/home/hgzq/ros2_ws/install/vision_msgs_custom/share/vision_msgs_custom/package.sh'
[3.682s] INFO:colcon.colcon_core.shell:Creating package script '/home/hgzq/ros2_ws/install/vision_msgs_custom/share/vision_msgs_custom/package.bash'
[3.682s] INFO:colcon.colcon_core.shell:Creating package script '/home/hgzq/ros2_ws/install/vision_msgs_custom/share/vision_msgs_custom/package.zsh'
[3.682s] Level 1:colcon.colcon_core.environment:create_file_with_runtime_dependencies(/home/hgzq/ros2_ws/install/vision_msgs_custom/share/colcon-core/packages/vision_msgs_custom)
[3.682s] Level 1:colcon.colcon_core.environment:create_environment_scripts_only(vision_msgs_custom)
[3.682s] Level 1:colcon.colcon_core.environment:checking '/home/hgzq/ros2_ws/install/vision_msgs_custom' for CMake module files
[3.683s] Level 1:colcon.colcon_core.environment:checking '/home/hgzq/ros2_ws/install/vision_msgs_custom' for CMake config files
[3.683s] Level 1:colcon.colcon_core.shell:create_environment_hook('vision_msgs_custom', 'cmake_prefix_path')
[3.683s] INFO:colcon.colcon_core.shell:Creating environment hook '/home/hgzq/ros2_ws/install/vision_msgs_custom/share/vision_msgs_custom/hook/cmake_prefix_path.ps1'
[3.683s] INFO:colcon.colcon_core.shell:Creating environment descriptor '/home/hgzq/ros2_ws/install/vision_msgs_custom/share/vision_msgs_custom/hook/cmake_prefix_path.dsv'
[3.684s] INFO:colcon.colcon_core.shell:Creating environment hook '/home/hgzq/ros2_ws/install/vision_msgs_custom/share/vision_msgs_custom/hook/cmake_prefix_path.sh'
[3.684s] Level 1:colcon.colcon_core.environment:checking '/home/hgzq/ros2_ws/install/vision_msgs_custom/lib'
[3.684s] Level 1:colcon.colcon_core.shell:create_environment_hook('vision_msgs_custom', 'ld_library_path_lib')
[3.685s] INFO:colcon.colcon_core.shell:Creating environment hook '/home/hgzq/ros2_ws/install/vision_msgs_custom/share/vision_msgs_custom/hook/ld_library_path_lib.ps1'
[3.685s] INFO:colcon.colcon_core.shell:Creating environment descriptor '/home/hgzq/ros2_ws/install/vision_msgs_custom/share/vision_msgs_custom/hook/ld_library_path_lib.dsv'
[3.685s] INFO:colcon.colcon_core.shell:Creating environment hook '/home/hgzq/ros2_ws/install/vision_msgs_custom/share/vision_msgs_custom/hook/ld_library_path_lib.sh'
[3.685s] Level 1:colcon.colcon_core.environment:checking '/home/hgzq/ros2_ws/install/vision_msgs_custom/bin'
[3.685s] Level 1:colcon.colcon_core.environment:checking '/home/hgzq/ros2_ws/install/vision_msgs_custom/lib/pkgconfig/vision_msgs_custom.pc'
[3.686s] Level 1:colcon.colcon_core.environment:checking '/home/hgzq/ros2_ws/install/vision_msgs_custom/lib/python3.10/site-packages'
[3.686s] Level 1:colcon.colcon_core.environment:checking '/home/hgzq/ros2_ws/install/vision_msgs_custom/bin'
[3.686s] INFO:colcon.colcon_core.shell:Creating package script '/home/hgzq/ros2_ws/install/vision_msgs_custom/share/vision_msgs_custom/package.ps1'
[3.686s] INFO:colcon.colcon_core.shell:Creating package descriptor '/home/hgzq/ros2_ws/install/vision_msgs_custom/share/vision_msgs_custom/package.dsv'
[3.686s] INFO:colcon.colcon_core.shell:Creating package script '/home/hgzq/ros2_ws/install/vision_msgs_custom/share/vision_msgs_custom/package.sh'
[3.687s] INFO:colcon.colcon_core.shell:Creating package script '/home/hgzq/ros2_ws/install/vision_msgs_custom/share/vision_msgs_custom/package.bash'
[3.687s] INFO:colcon.colcon_core.shell:Creating package script '/home/hgzq/ros2_ws/install/vision_msgs_custom/share/vision_msgs_custom/package.zsh'
[3.687s] Level 1:colcon.colcon_core.environment:create_file_with_runtime_dependencies(/home/hgzq/ros2_ws/install/vision_msgs_custom/share/colcon-core/packages/vision_msgs_custom)
[3.687s] DEBUG:colcon.colcon_parallel_executor.executor.parallel:closing loop
[3.688s] DEBUG:colcon.colcon_parallel_executor.executor.parallel:loop closed
[3.688s] DEBUG:colcon.colcon_parallel_executor.executor.parallel:run_until_complete finished with '0'
[3.688s] DEBUG:colcon.colcon_core.event_reactor:joining thread
[3.691s] INFO:colcon.colcon_core.plugin_system:Skipping extension 'colcon_notification.desktop_notification.terminal_notifier': Not used on non-Darwin systems
[3.691s] INFO:colcon.colcon_core.plugin_system:Skipping extension 'colcon_notification.desktop_notification.win32': Not used on non-Windows systems
[3.691s] INFO:colcon.colcon_notification.desktop_notification:Sending desktop notification using 'notify2'
[3.698s] DEBUG:colcon.colcon_core.event_reactor:joined thread
[3.698s] INFO:colcon.colcon_core.shell:Creating prefix script '/home/hgzq/ros2_ws/install/local_setup.ps1'
[3.699s] INFO:colcon.colcon_core.shell:Creating prefix util module '/home/hgzq/ros2_ws/install/_local_setup_util_ps1.py'
[3.699s] INFO:colcon.colcon_core.shell:Creating prefix chain script '/home/hgzq/ros2_ws/install/setup.ps1'
[3.700s] INFO:colcon.colcon_core.shell:Creating prefix script '/home/hgzq/ros2_ws/install/local_setup.sh'
[3.700s] INFO:colcon.colcon_core.shell:Creating prefix util module '/home/hgzq/ros2_ws/install/_local_setup_util_sh.py'
[3.700s] INFO:colcon.colcon_core.shell:Creating prefix chain script '/home/hgzq/ros2_ws/install/setup.sh'
[3.701s] INFO:colcon.colcon_core.shell:Creating prefix script '/home/hgzq/ros2_ws/install/local_setup.bash'
[3.701s] INFO:colcon.colcon_core.shell:Creating prefix chain script '/home/hgzq/ros2_ws/install/setup.bash'
[3.702s] INFO:colcon.colcon_core.shell:Creating prefix script '/home/hgzq/ros2_ws/install/local_setup.zsh'
[3.702s] INFO:colcon.colcon_core.shell:Creating prefix chain script '/home/hgzq/ros2_ws/install/setup.zsh'
