[0.052s] DEBUG:colcon:Command line arguments: ['/usr/bin/colcon', 'build', '--packages-select', 'vision_detector']
[0.052s] DEBUG:colcon:Parsed command line arguments: Namespace(log_base=None, log_level=None, verb_name='build', build_base='build', install_base='install', merge_install=False, symlink_install=False, test_result_base=None, continue_on_error=False, executor='parallel', parallel_workers=16, event_handlers=None, ignore_user_meta=False, metas=['./colcon.meta'], base_paths=['.'], packages_ignore=None, packages_ignore_regex=None, paths=None, packages_up_to=None, packages_up_to_regex=None, packages_above=None, packages_above_and_dependencies=None, packages_above_depth=None, packages_select_by_dep=None, packages_skip_by_dep=None, packages_skip_up_to=None, packages_select_build_failed=False, packages_skip_build_finished=False, packages_select_test_failures=False, packages_skip_test_passed=False, packages_select=['vision_detector'], packages_skip=None, packages_select_regex=None, packages_skip_regex=None, packages_start=None, packages_end=None, allow_overriding=[], cmake_args=None, cmake_target=None, cmake_target_skip_unavailable=False, cmake_clean_cache=False, cmake_clean_first=False, cmake_force_configure=False, ament_cmake_args=None, catkin_cmake_args=None, catkin_skip_building_tests=False, verb_parser=<colcon_defaults.argument_parser.defaults.DefaultArgumentsDecorator object at 0x7b2d8ec70940>, verb_extension=<colcon_core.verb.build.BuildVerb object at 0x7b2d8ed81e40>, main=<bound method BuildVerb.main of <colcon_core.verb.build.BuildVerb object at 0x7b2d8ed81e40>>)
[0.130s] Level 1:colcon.colcon_core.package_discovery:discover_packages(colcon_meta) check parameters
[0.130s] Level 1:colcon.colcon_core.package_discovery:discover_packages(recursive) check parameters
[0.130s] Level 1:colcon.colcon_core.package_discovery:discover_packages(ignore) check parameters
[0.130s] Level 1:colcon.colcon_core.package_discovery:discover_packages(path) check parameters
[0.130s] Level 1:colcon.colcon_core.package_discovery:discover_packages(colcon_meta) discover
[0.130s] Level 1:colcon.colcon_core.package_discovery:discover_packages(recursive) discover
[0.130s] INFO:colcon.colcon_core.package_discovery:Crawling recursively for packages in '/home/hgzq/ros2_ws/src/vision_detector'
[0.130s] Level 1:colcon.colcon_core.package_identification:_identify(.) by extensions ['ignore', 'ignore_ament_install']
[0.130s] Level 1:colcon.colcon_core.package_identification:_identify(.) by extension 'ignore'
[0.130s] Level 1:colcon.colcon_core.package_identification:_identify(.) by extension 'ignore_ament_install'
[0.130s] Level 1:colcon.colcon_core.package_identification:_identify(.) by extensions ['colcon_pkg']
[0.131s] Level 1:colcon.colcon_core.package_identification:_identify(.) by extension 'colcon_pkg'
[0.131s] Level 1:colcon.colcon_core.package_identification:_identify(.) by extensions ['colcon_meta']
[0.131s] Level 1:colcon.colcon_core.package_identification:_identify(.) by extension 'colcon_meta'
[0.131s] Level 1:colcon.colcon_core.package_identification:_identify(.) by extensions ['ros']
[0.131s] Level 1:colcon.colcon_core.package_identification:_identify(.) by extension 'ros'
[0.137s] DEBUG:colcon.colcon_core.package_identification:Failed to parse potential ROS package manifest in'.': Error(s) in package './package.xml':
The manifest contains invalid XML:
XML or text declaration not at start of entity: line 25, column 0
[0.137s] Level 1:colcon.colcon_core.package_identification:_identify(.) by extensions ['cmake', 'python']
[0.137s] Level 1:colcon.colcon_core.package_identification:_identify(.) by extension 'cmake'
[0.137s] Level 1:colcon.colcon_core.package_identification:_identify(.) by extension 'python'
[0.137s] DEBUG:colcon.colcon_core.package_identification:Python package in '.' passes arguments to the setup() function which requires a different identification extension than 'python'
[0.137s] Level 1:colcon.colcon_core.package_identification:_identify(.) by extensions ['python_setup_py']
[0.137s] Level 1:colcon.colcon_core.package_identification:_identify(.) by extension 'python_setup_py'
[0.260s] DEBUG:colcon.colcon_core.package_identification:Package '.' with type 'python' and name 'vision_detector'
[0.260s] Level 1:colcon.colcon_core.package_discovery:discover_packages(recursive) using defaults
[0.260s] Level 1:colcon.colcon_core.package_discovery:discover_packages(ignore) discover
[0.260s] Level 1:colcon.colcon_core.package_discovery:discover_packages(ignore) using defaults
[0.260s] Level 1:colcon.colcon_core.package_discovery:discover_packages(path) discover
[0.260s] Level 1:colcon.colcon_core.package_discovery:discover_packages(path) using defaults
[0.271s] Level 1:colcon.colcon_core.package_discovery:discover_packages(prefix_path) check parameters
[0.271s] Level 1:colcon.colcon_core.package_discovery:discover_packages(prefix_path) discover
[0.272s] DEBUG:colcon.colcon_installed_package_information.package_discovery:Found 2 installed packages in /home/hgzq/ros2_ws/install
[0.273s] DEBUG:colcon.colcon_installed_package_information.package_discovery:Found 282 installed packages in /opt/ros/humble
[0.280s] Level 1:colcon.colcon_core.package_discovery:discover_packages(prefix_path) using defaults
[0.299s] Level 5:colcon.colcon_core.verb:set package 'vision_detector' build argument 'cmake_args' from command line to 'None'
[0.299s] Level 5:colcon.colcon_core.verb:set package 'vision_detector' build argument 'cmake_target' from command line to 'None'
[0.299s] Level 5:colcon.colcon_core.verb:set package 'vision_detector' build argument 'cmake_target_skip_unavailable' from command line to 'False'
[0.299s] Level 5:colcon.colcon_core.verb:set package 'vision_detector' build argument 'cmake_clean_cache' from command line to 'False'
[0.299s] Level 5:colcon.colcon_core.verb:set package 'vision_detector' build argument 'cmake_clean_first' from command line to 'False'
[0.299s] Level 5:colcon.colcon_core.verb:set package 'vision_detector' build argument 'cmake_force_configure' from command line to 'False'
[0.299s] Level 5:colcon.colcon_core.verb:set package 'vision_detector' build argument 'ament_cmake_args' from command line to 'None'
[0.299s] Level 5:colcon.colcon_core.verb:set package 'vision_detector' build argument 'catkin_cmake_args' from command line to 'None'
[0.299s] Level 5:colcon.colcon_core.verb:set package 'vision_detector' build argument 'catkin_skip_building_tests' from command line to 'False'
[0.299s] DEBUG:colcon.colcon_core.verb:Building package 'vision_detector' with the following arguments: {'ament_cmake_args': None, 'build_base': '/home/hgzq/ros2_ws/src/vision_detector/build/vision_detector', 'catkin_cmake_args': None, 'catkin_skip_building_tests': False, 'cmake_args': None, 'cmake_clean_cache': False, 'cmake_clean_first': False, 'cmake_force_configure': False, 'cmake_target': None, 'cmake_target_skip_unavailable': False, 'install_base': '/home/hgzq/ros2_ws/src/vision_detector/install/vision_detector', 'merge_install': False, 'path': '/home/hgzq/ros2_ws/src/vision_detector', 'symlink_install': False, 'test_result_base': None}
[0.299s] INFO:colcon.colcon_core.executor:Executing jobs using 'parallel' executor
[0.300s] DEBUG:colcon.colcon_parallel_executor.executor.parallel:run_until_complete
[0.300s] INFO:colcon.colcon_core.task.python.build:Building Python package in '/home/hgzq/ros2_ws/src/vision_detector'
[0.301s] INFO:colcon.colcon_core.plugin_system:Skipping extension 'colcon_core.shell.bat': Not used on non-Windows systems
[0.301s] INFO:colcon.colcon_core.shell:Skip shell extension 'powershell' for command environment: Not usable outside of PowerShell
[0.301s] DEBUG:colcon.colcon_core.shell:Skip shell extension 'dsv' for command environment
[0.599s] DEBUG:colcon.colcon_core.event_handler.log_command:Invoking command in '/home/hgzq/ros2_ws/src/vision_detector': CONDA_PROMPT_MODIFIER=(test2) PYTHONPATH=/home/hgzq/ros2_ws/src/vision_detector/build/vision_detector/prefix_override:/usr/lib/python3/dist-packages/colcon_core/task/python/colcon_distutils_commands:/home/hgzq/ros2_ws/src/vision_detector/install/vision_detector/lib/python3.10/site-packages:${PYTHONPATH} /usr/bin/python3 -W ignore:setup.py install is deprecated -W ignore:easy_install command is deprecated setup.py egg_info --egg-base build/vision_detector build --build-base /home/hgzq/ros2_ws/src/vision_detector/build/vision_detector/build install --record /home/hgzq/ros2_ws/src/vision_detector/build/vision_detector/install.log --single-version-externally-managed install_data
[0.753s] DEBUG:colcon.colcon_core.event_handler.log_command:Invoked command in '/home/hgzq/ros2_ws/src/vision_detector' returned '0': CONDA_PROMPT_MODIFIER=(test2) PYTHONPATH=/home/hgzq/ros2_ws/src/vision_detector/build/vision_detector/prefix_override:/usr/lib/python3/dist-packages/colcon_core/task/python/colcon_distutils_commands:/home/hgzq/ros2_ws/src/vision_detector/install/vision_detector/lib/python3.10/site-packages:${PYTHONPATH} /usr/bin/python3 -W ignore:setup.py install is deprecated -W ignore:easy_install command is deprecated setup.py egg_info --egg-base build/vision_detector build --build-base /home/hgzq/ros2_ws/src/vision_detector/build/vision_detector/build install --record /home/hgzq/ros2_ws/src/vision_detector/build/vision_detector/install.log --single-version-externally-managed install_data
[0.755s] Level 1:colcon.colcon_core.environment:checking '/home/hgzq/ros2_ws/src/vision_detector/install/vision_detector' for CMake module files
[0.755s] Level 1:colcon.colcon_core.environment:checking '/home/hgzq/ros2_ws/src/vision_detector/install/vision_detector' for CMake config files
[0.755s] Level 1:colcon.colcon_core.environment:checking '/home/hgzq/ros2_ws/src/vision_detector/install/vision_detector/lib'
[0.755s] Level 1:colcon.colcon_core.environment:checking '/home/hgzq/ros2_ws/src/vision_detector/install/vision_detector/bin'
[0.755s] Level 1:colcon.colcon_core.environment:checking '/home/hgzq/ros2_ws/src/vision_detector/install/vision_detector/lib/pkgconfig/vision_detector.pc'
[0.756s] Level 1:colcon.colcon_core.environment:checking '/home/hgzq/ros2_ws/src/vision_detector/install/vision_detector/lib/python3.10/site-packages'
[0.756s] Level 1:colcon.colcon_core.shell:create_environment_hook('vision_detector', 'pythonpath')
[0.756s] INFO:colcon.colcon_core.shell:Creating environment hook '/home/hgzq/ros2_ws/src/vision_detector/install/vision_detector/share/vision_detector/hook/pythonpath.ps1'
[0.756s] INFO:colcon.colcon_core.shell:Creating environment descriptor '/home/hgzq/ros2_ws/src/vision_detector/install/vision_detector/share/vision_detector/hook/pythonpath.dsv'
[0.756s] INFO:colcon.colcon_core.shell:Creating environment hook '/home/hgzq/ros2_ws/src/vision_detector/install/vision_detector/share/vision_detector/hook/pythonpath.sh'
[0.757s] Level 1:colcon.colcon_core.environment:checking '/home/hgzq/ros2_ws/src/vision_detector/install/vision_detector/bin'
[0.757s] Level 1:colcon.colcon_core.environment:create_environment_scripts_only(vision_detector)
[0.757s] INFO:colcon.colcon_core.shell:Creating package script '/home/hgzq/ros2_ws/src/vision_detector/install/vision_detector/share/vision_detector/package.ps1'
[0.757s] INFO:colcon.colcon_core.shell:Creating package descriptor '/home/hgzq/ros2_ws/src/vision_detector/install/vision_detector/share/vision_detector/package.dsv'
[0.758s] INFO:colcon.colcon_core.shell:Creating package script '/home/hgzq/ros2_ws/src/vision_detector/install/vision_detector/share/vision_detector/package.sh'
[0.758s] INFO:colcon.colcon_core.shell:Creating package script '/home/hgzq/ros2_ws/src/vision_detector/install/vision_detector/share/vision_detector/package.bash'
[0.758s] INFO:colcon.colcon_core.shell:Creating package script '/home/hgzq/ros2_ws/src/vision_detector/install/vision_detector/share/vision_detector/package.zsh'
[0.759s] Level 1:colcon.colcon_core.environment:create_file_with_runtime_dependencies(/home/hgzq/ros2_ws/src/vision_detector/install/vision_detector/share/colcon-core/packages/vision_detector)
[0.759s] DEBUG:colcon.colcon_parallel_executor.executor.parallel:closing loop
[0.759s] DEBUG:colcon.colcon_parallel_executor.executor.parallel:loop closed
[0.759s] DEBUG:colcon.colcon_parallel_executor.executor.parallel:run_until_complete finished with '0'
[0.759s] DEBUG:colcon.colcon_core.event_reactor:joining thread
[0.762s] INFO:colcon.colcon_core.plugin_system:Skipping extension 'colcon_notification.desktop_notification.terminal_notifier': Not used on non-Darwin systems
[0.763s] INFO:colcon.colcon_core.plugin_system:Skipping extension 'colcon_notification.desktop_notification.win32': Not used on non-Windows systems
[0.763s] INFO:colcon.colcon_notification.desktop_notification:Sending desktop notification using 'notify2'
[0.769s] DEBUG:colcon.colcon_core.event_reactor:joined thread
[0.769s] INFO:colcon.colcon_core.shell:Creating prefix script '/home/hgzq/ros2_ws/src/vision_detector/install/local_setup.ps1'
[0.770s] INFO:colcon.colcon_core.shell:Creating prefix util module '/home/hgzq/ros2_ws/src/vision_detector/install/_local_setup_util_ps1.py'
[0.771s] INFO:colcon.colcon_core.shell:Creating prefix chain script '/home/hgzq/ros2_ws/src/vision_detector/install/setup.ps1'
[0.772s] INFO:colcon.colcon_core.shell:Creating prefix script '/home/hgzq/ros2_ws/src/vision_detector/install/local_setup.sh'
[0.772s] INFO:colcon.colcon_core.shell:Creating prefix util module '/home/hgzq/ros2_ws/src/vision_detector/install/_local_setup_util_sh.py'
[0.772s] INFO:colcon.colcon_core.shell:Creating prefix chain script '/home/hgzq/ros2_ws/src/vision_detector/install/setup.sh'
[0.773s] INFO:colcon.colcon_core.shell:Creating prefix script '/home/hgzq/ros2_ws/src/vision_detector/install/local_setup.bash'
[0.773s] INFO:colcon.colcon_core.shell:Creating prefix chain script '/home/hgzq/ros2_ws/src/vision_detector/install/setup.bash'
[0.773s] INFO:colcon.colcon_core.shell:Creating prefix script '/home/hgzq/ros2_ws/src/vision_detector/install/local_setup.zsh'
[0.773s] INFO:colcon.colcon_core.shell:Creating prefix chain script '/home/hgzq/ros2_ws/src/vision_detector/install/setup.zsh'
