running egg_info
creating build/vision_detector/vision_detector.egg-info
writing build/vision_detector/vision_detector.egg-info/PKG-INFO
writing dependency_links to build/vision_detector/vision_detector.egg-info/dependency_links.txt
writing entry points to build/vision_detector/vision_detector.egg-info/entry_points.txt
writing requirements to build/vision_detector/vision_detector.egg-info/requires.txt
writing top-level names to build/vision_detector/vision_detector.egg-info/top_level.txt
writing manifest file 'build/vision_detector/vision_detector.egg-info/SOURCES.txt'
reading manifest file 'build/vision_detector/vision_detector.egg-info/SOURCES.txt'
writing manifest file 'build/vision_detector/vision_detector.egg-info/SOURCES.txt'
running build
running build_py
creating /home/hgzq/ros2_ws/src/vision_detector/build/vision_detector/build
creating /home/hgzq/ros2_ws/src/vision_detector/build/vision_detector/build/lib
creating /home/hgzq/ros2_ws/src/vision_detector/build/vision_detector/build/lib/vision_detector
copying vision_detector/__init__.py -> /home/hgzq/ros2_ws/src/vision_detector/build/vision_detector/build/lib/vision_detector
copying vision_detector/detector_node.py -> /home/hgzq/ros2_ws/src/vision_detector/build/vision_detector/build/lib/vision_detector
copying vision_detector/utils.py -> /home/hgzq/ros2_ws/src/vision_detector/build/vision_detector/build/lib/vision_detector
copying vision_detector/yolov8_detector.py -> /home/hgzq/ros2_ws/src/vision_detector/build/vision_detector/build/lib/vision_detector
running install
running install_lib
creating /home/hgzq/ros2_ws/src/vision_detector/install/vision_detector/lib/python3.10/site-packages/vision_detector
copying /home/hgzq/ros2_ws/src/vision_detector/build/vision_detector/build/lib/vision_detector/__init__.py -> /home/hgzq/ros2_ws/src/vision_detector/install/vision_detector/lib/python3.10/site-packages/vision_detector
copying /home/hgzq/ros2_ws/src/vision_detector/build/vision_detector/build/lib/vision_detector/detector_node.py -> /home/hgzq/ros2_ws/src/vision_detector/install/vision_detector/lib/python3.10/site-packages/vision_detector
copying /home/hgzq/ros2_ws/src/vision_detector/build/vision_detector/build/lib/vision_detector/utils.py -> /home/hgzq/ros2_ws/src/vision_detector/install/vision_detector/lib/python3.10/site-packages/vision_detector
copying /home/hgzq/ros2_ws/src/vision_detector/build/vision_detector/build/lib/vision_detector/yolov8_detector.py -> /home/hgzq/ros2_ws/src/vision_detector/install/vision_detector/lib/python3.10/site-packages/vision_detector
byte-compiling /home/hgzq/ros2_ws/src/vision_detector/install/vision_detector/lib/python3.10/site-packages/vision_detector/__init__.py to __init__.cpython-310.pyc
byte-compiling /home/hgzq/ros2_ws/src/vision_detector/install/vision_detector/lib/python3.10/site-packages/vision_detector/detector_node.py to detector_node.cpython-310.pyc
byte-compiling /home/hgzq/ros2_ws/src/vision_detector/install/vision_detector/lib/python3.10/site-packages/vision_detector/utils.py to utils.cpython-310.pyc
byte-compiling /home/hgzq/ros2_ws/src/vision_detector/install/vision_detector/lib/python3.10/site-packages/vision_detector/yolov8_detector.py to yolov8_detector.cpython-310.pyc
running install_data
creating /home/hgzq/ros2_ws/src/vision_detector/install/vision_detector/share
creating /home/hgzq/ros2_ws/src/vision_detector/install/vision_detector/share/ament_index
creating /home/hgzq/ros2_ws/src/vision_detector/install/vision_detector/share/ament_index/resource_index
creating /home/hgzq/ros2_ws/src/vision_detector/install/vision_detector/share/ament_index/resource_index/packages
copying resource/vision_detector -> /home/hgzq/ros2_ws/src/vision_detector/install/vision_detector/share/ament_index/resource_index/packages
creating /home/hgzq/ros2_ws/src/vision_detector/install/vision_detector/share/vision_detector
copying package.xml -> /home/hgzq/ros2_ws/src/vision_detector/install/vision_detector/share/vision_detector
running install_egg_info
Copying build/vision_detector/vision_detector.egg-info to /home/hgzq/ros2_ws/src/vision_detector/install/vision_detector/lib/python3.10/site-packages/vision_detector-0.0.0-py3.10.egg-info
running install_scripts
Installing detector_node script to /home/hgzq/ros2_ws/src/vision_detector/install/vision_detector/lib/vision_detector
writing list of installed files to '/home/hgzq/ros2_ws/src/vision_detector/build/vision_detector/install.log'
