[0.299s] Invoking command in '/home/hgzq/ros2_ws/src/vision_detector': CONDA_PROMPT_MODIFIER=(test2) PYTHONPATH=/home/hgzq/ros2_ws/src/vision_detector/build/vision_detector/prefix_override:/usr/lib/python3/dist-packages/colcon_core/task/python/colcon_distutils_commands:/home/hgzq/ros2_ws/src/vision_detector/install/vision_detector/lib/python3.10/site-packages:${PYTHONPATH} /usr/bin/python3 -W ignore:setup.py install is deprecated -W ignore:easy_install command is deprecated setup.py egg_info --egg-base build/vision_detector build --build-base /home/hgzq/ros2_ws/src/vision_detector/build/vision_detector/build install --record /home/hgzq/ros2_ws/src/vision_detector/build/vision_detector/install.log --single-version-externally-managed install_data
[0.419s] running egg_info
[0.419s] creating build/vision_detector/vision_detector.egg-info
[0.419s] writing build/vision_detector/vision_detector.egg-info/PKG-INFO
[0.419s] writing dependency_links to build/vision_detector/vision_detector.egg-info/dependency_links.txt
[0.419s] writing entry points to build/vision_detector/vision_detector.egg-info/entry_points.txt
[0.419s] writing requirements to build/vision_detector/vision_detector.egg-info/requires.txt
[0.419s] writing top-level names to build/vision_detector/vision_detector.egg-info/top_level.txt
[0.419s] writing manifest file 'build/vision_detector/vision_detector.egg-info/SOURCES.txt'
[0.420s] reading manifest file 'build/vision_detector/vision_detector.egg-info/SOURCES.txt'
[0.421s] writing manifest file 'build/vision_detector/vision_detector.egg-info/SOURCES.txt'
[0.421s] running build
[0.421s] running build_py
[0.421s] creating /home/hgzq/ros2_ws/src/vision_detector/build/vision_detector/build
[0.421s] creating /home/hgzq/ros2_ws/src/vision_detector/build/vision_detector/build/lib
[0.422s] creating /home/hgzq/ros2_ws/src/vision_detector/build/vision_detector/build/lib/vision_detector
[0.422s] copying vision_detector/__init__.py -> /home/hgzq/ros2_ws/src/vision_detector/build/vision_detector/build/lib/vision_detector
[0.422s] copying vision_detector/detector_node.py -> /home/hgzq/ros2_ws/src/vision_detector/build/vision_detector/build/lib/vision_detector
[0.422s] copying vision_detector/utils.py -> /home/hgzq/ros2_ws/src/vision_detector/build/vision_detector/build/lib/vision_detector
[0.422s] copying vision_detector/yolov8_detector.py -> /home/hgzq/ros2_ws/src/vision_detector/build/vision_detector/build/lib/vision_detector
[0.422s] running install
[0.422s] running install_lib
[0.422s] creating /home/hgzq/ros2_ws/src/vision_detector/install/vision_detector/lib/python3.10/site-packages/vision_detector
[0.422s] copying /home/hgzq/ros2_ws/src/vision_detector/build/vision_detector/build/lib/vision_detector/__init__.py -> /home/hgzq/ros2_ws/src/vision_detector/install/vision_detector/lib/python3.10/site-packages/vision_detector
[0.422s] copying /home/hgzq/ros2_ws/src/vision_detector/build/vision_detector/build/lib/vision_detector/detector_node.py -> /home/hgzq/ros2_ws/src/vision_detector/install/vision_detector/lib/python3.10/site-packages/vision_detector
[0.422s] copying /home/hgzq/ros2_ws/src/vision_detector/build/vision_detector/build/lib/vision_detector/utils.py -> /home/hgzq/ros2_ws/src/vision_detector/install/vision_detector/lib/python3.10/site-packages/vision_detector
[0.422s] copying /home/hgzq/ros2_ws/src/vision_detector/build/vision_detector/build/lib/vision_detector/yolov8_detector.py -> /home/hgzq/ros2_ws/src/vision_detector/install/vision_detector/lib/python3.10/site-packages/vision_detector
[0.423s] byte-compiling /home/hgzq/ros2_ws/src/vision_detector/install/vision_detector/lib/python3.10/site-packages/vision_detector/__init__.py to __init__.cpython-310.pyc
[0.423s] byte-compiling /home/hgzq/ros2_ws/src/vision_detector/install/vision_detector/lib/python3.10/site-packages/vision_detector/detector_node.py to detector_node.cpython-310.pyc
[0.424s] byte-compiling /home/hgzq/ros2_ws/src/vision_detector/install/vision_detector/lib/python3.10/site-packages/vision_detector/utils.py to utils.cpython-310.pyc
[0.424s] byte-compiling /home/hgzq/ros2_ws/src/vision_detector/install/vision_detector/lib/python3.10/site-packages/vision_detector/yolov8_detector.py to yolov8_detector.cpython-310.pyc
[0.424s] running install_data
[0.424s] creating /home/hgzq/ros2_ws/src/vision_detector/install/vision_detector/share
[0.424s] creating /home/hgzq/ros2_ws/src/vision_detector/install/vision_detector/share/ament_index
[0.424s] creating /home/hgzq/ros2_ws/src/vision_detector/install/vision_detector/share/ament_index/resource_index
[0.424s] creating /home/hgzq/ros2_ws/src/vision_detector/install/vision_detector/share/ament_index/resource_index/packages
[0.424s] copying resource/vision_detector -> /home/hgzq/ros2_ws/src/vision_detector/install/vision_detector/share/ament_index/resource_index/packages
[0.425s] creating /home/hgzq/ros2_ws/src/vision_detector/install/vision_detector/share/vision_detector
[0.425s] copying package.xml -> /home/hgzq/ros2_ws/src/vision_detector/install/vision_detector/share/vision_detector
[0.425s] running install_egg_info
[0.425s] Copying build/vision_detector/vision_detector.egg-info to /home/hgzq/ros2_ws/src/vision_detector/install/vision_detector/lib/python3.10/site-packages/vision_detector-0.0.0-py3.10.egg-info
[0.426s] running install_scripts
[0.437s] Installing detector_node script to /home/hgzq/ros2_ws/src/vision_detector/install/vision_detector/lib/vision_detector
[0.437s] writing list of installed files to '/home/hgzq/ros2_ws/src/vision_detector/build/vision_detector/install.log'
[0.453s] Invoked command in '/home/hgzq/ros2_ws/src/vision_detector' returned '0': CONDA_PROMPT_MODIFIER=(test2) PYTHONPATH=/home/hgzq/ros2_ws/src/vision_detector/build/vision_detector/prefix_override:/usr/lib/python3/dist-packages/colcon_core/task/python/colcon_distutils_commands:/home/hgzq/ros2_ws/src/vision_detector/install/vision_detector/lib/python3.10/site-packages:${PYTHONPATH} /usr/bin/python3 -W ignore:setup.py install is deprecated -W ignore:easy_install command is deprecated setup.py egg_info --egg-base build/vision_detector build --build-base /home/hgzq/ros2_ws/src/vision_detector/build/vision_detector/build install --record /home/hgzq/ros2_ws/src/vision_detector/build/vision_detector/install.log --single-version-externally-managed install_data
