[0.303s] Invoking command in '/home/hgzq/ros2_ws/build/vision_detector': PYTHONPATH=/home/hgzq/ros2_ws/build/vision_detector/prefix_override:/usr/lib/python3/dist-packages/colcon_core/task/python/colcon_distutils_commands:/home/hgzq/ros2_ws/install/vision_detector/lib/python3.10/site-packages:${PYTHONPATH} /usr/bin/python3 -W ignore:setup.py install is deprecated -W ignore:easy_install command is deprecated setup.py develop --editable --build-directory /home/hgzq/ros2_ws/build/vision_detector/build --no-deps symlink_data
[0.433s] running develop
[0.504s] running egg_info
[0.504s] writing vision_detector.egg-info/PKG-INFO
[0.504s] writing dependency_links to vision_detector.egg-info/dependency_links.txt
[0.504s] writing entry points to vision_detector.egg-info/entry_points.txt
[0.505s] writing requirements to vision_detector.egg-info/requires.txt
[0.505s] writing top-level names to vision_detector.egg-info/top_level.txt
[0.506s] reading manifest file 'vision_detector.egg-info/SOURCES.txt'
[0.506s] writing manifest file 'vision_detector.egg-info/SOURCES.txt'
[0.507s] running build_ext
[0.507s] Creating /home/hgzq/ros2_ws/install/vision_detector/lib/python3.10/site-packages/vision-detector.egg-link (link to .)
[0.507s] Installing detector_node script to /home/hgzq/ros2_ws/install/vision_detector/lib/vision_detector
[0.508s] 
[0.508s] Installed /home/hgzq/ros2_ws/build/vision_detector
[0.508s] running symlink_data
[0.508s] creating /home/hgzq/ros2_ws/install/vision_detector/share/vision_detector/launch
[0.508s] symbolically linking /home/hgzq/ros2_ws/build/vision_detector/launch/detector.launch.py -> /home/hgzq/ros2_ws/install/vision_detector/share/vision_detector/launch
[0.508s] symbolically linking /home/hgzq/ros2_ws/build/vision_detector/launch/detector_rviz.launch.py -> /home/hgzq/ros2_ws/install/vision_detector/share/vision_detector/launch
[0.526s] Invoked command in '/home/hgzq/ros2_ws/build/vision_detector' returned '0': PYTHONPATH=/home/hgzq/ros2_ws/build/vision_detector/prefix_override:/usr/lib/python3/dist-packages/colcon_core/task/python/colcon_distutils_commands:/home/hgzq/ros2_ws/install/vision_detector/lib/python3.10/site-packages:${PYTHONPATH} /usr/bin/python3 -W ignore:setup.py install is deprecated -W ignore:easy_install command is deprecated setup.py develop --editable --build-directory /home/hgzq/ros2_ws/build/vision_detector/build --no-deps symlink_data
